<?xml version="1.0" encoding="UTF-8"?>
<!-- Generated by org.testng.reporters.JUnitXMLReporter -->
<testsuite ignored="0" hostname="IB-Pune-LAP-200" failures="0" tests="5" name="Default test" time="4.56" errors="0" timestamp="2022-11-21T12:10:16 IST">
  <testcase classname="eComm.EcommApiTest" name="Login" time="3.25"/>
  <testcase classname="eComm.EcommApiTest" name="AddProduct" time="0.877"/>
  <testcase classname="eComm.EcommApiTest" name="CreateOrder" time="0.128"/>
  <testcase classname="eComm.EcommApiTest" name="ViewOrderDeatils" time="0.102"/>
  <testcase classname="eComm.EcommApiTest" name="DeleteOrder" time="0.136"/>
</testsuite> <!-- Default test -->
