<?xml version="1.0" encoding="UTF-8"?>
<!-- Generated by org.testng.reporters.JUnitXMLReporter -->
<testsuite ignored="0" hostname="IB-Pune-LAP-200" failures="0" tests="5" name="Test" time="4.912" errors="0" timestamp="2022-11-21T13:47:23 IST">
  <testcase classname="eComm.EcommApiTest" name="Login" time="3.369"/>
  <testcase classname="eComm.EcommApiTest" name="AddProduct" time="1.065"/>
  <testcase classname="eComm.EcommApiTest" name="CreateOrder" time="0.159"/>
  <testcase classname="eComm.EcommApiTest" name="ViewOrderDeatils" time="0.148"/>
  <testcase classname="eComm.EcommApiTest" name="DeleteOrder" time="0.097"/>
</testsuite> <!-- Test -->
