<?xml version="1.0" encoding="UTF-8"?>
<!-- Generated by org.testng.reporters.JUnitXMLReporter -->
<testsuite ignored="0" hostname="IB-Pune-LAP-200" failures="0" tests="5" name="Test" time="3.722" errors="0" timestamp="2022-11-22T11:55:46 IST">
  <testcase classname="eComm.EcommApiTest" name="Login" time="2.55"/>
  <testcase classname="eComm.EcommApiTest" name="AddProduct" time="0.809"/>
  <testcase classname="eComm.EcommApiTest" name="CreateOrder" time="0.121"/>
  <testcase classname="eComm.EcommApiTest" name="ViewOrderDeatils" time="0.085"/>
  <testcase classname="eComm.EcommApiTest" name="DeleteOrder" time="0.097"/>
</testsuite> <!-- Test -->
