<?xml version="1.0" encoding="UTF-8"?>
<!-- Generated by org.testng.reporters.JUnitXMLReporter -->
<testsuite ignored="0" hostname="IB-Pune-LAP-200" failures="0" tests="5" name="Test" time="3.912" errors="0" timestamp="2022-11-21T14:22:04 IST">
  <testcase classname="eComm.EcommApiTest" name="Login" time="2.564"/>
  <testcase classname="eComm.EcommApiTest" name="AddProduct" time="0.864"/>
  <testcase classname="eComm.EcommApiTest" name="CreateOrder" time="0.161"/>
  <testcase classname="eComm.EcommApiTest" name="ViewOrderDeatils" time="0.158"/>
  <testcase classname="eComm.EcommApiTest" name="DeleteOrder" time="0.099"/>
</testsuite> <!-- Test -->
