<?xml version="1.0" encoding="UTF-8"?>
<testng-results ignored="0" total="5" passed="5" failed="0" skipped="0">
  <reporter-output>
  </reporter-output>
  <suite started-at="2022-11-21T14:22:00 IST" name="Suite" finished-at="2022-11-21T14:22:04 IST" duration-ms="3912">
    <groups>
    </groups>
    <test started-at="2022-11-21T14:22:00 IST" name="Test" finished-at="2022-11-21T14:22:04 IST" duration-ms="3912">
      <class name="eComm.EcommApiTest">
        <test-method signature="Login()[pri:0, instance:eComm.EcommApiTest@babafc2]" started-at="2022-11-21T14:22:00 IST" name="Login" finished-at="2022-11-21T14:22:02 IST" duration-ms="2564" status="PASS">
          <reporter-output>
          </reporter-output>
        </test-method> <!-- Login -->
        <test-method signature="AddProduct()[pri:1, instance:eComm.EcommApiTest@babafc2]" started-at="2022-11-21T14:22:02 IST" name="AddProduct" finished-at="2022-11-21T14:22:03 IST" duration-ms="864" status="PASS">
          <reporter-output>
          </reporter-output>
        </test-method> <!-- AddProduct -->
        <test-method signature="CreateOrder()[pri:2, instance:eComm.EcommApiTest@babafc2]" started-at="2022-11-21T14:22:03 IST" name="CreateOrder" finished-at="2022-11-21T14:22:03 IST" duration-ms="161" status="PASS">
          <reporter-output>
          </reporter-output>
        </test-method> <!-- CreateOrder -->
        <test-method signature="ViewOrderDeatils()[pri:3, instance:eComm.EcommApiTest@babafc2]" started-at="2022-11-21T14:22:03 IST" name="ViewOrderDeatils" finished-at="2022-11-21T14:22:04 IST" duration-ms="158" status="PASS">
          <reporter-output>
          </reporter-output>
        </test-method> <!-- ViewOrderDeatils -->
        <test-method signature="DeleteOrder()[pri:4, instance:eComm.EcommApiTest@babafc2]" started-at="2022-11-21T14:22:04 IST" name="DeleteOrder" finished-at="2022-11-21T14:22:04 IST" duration-ms="99" status="PASS">
          <reporter-output>
          </reporter-output>
        </test-method> <!-- DeleteOrder -->
      </class> <!-- eComm.EcommApiTest -->
    </test> <!-- Test -->
  </suite> <!-- Suite -->
</testng-results>
