<?xml version="1.0" encoding="UTF-8"?>
<testsuite xmlns:xsi="http://www.w3.org/2001/XMLSchema-instance" xsi:noNamespaceSchemaLocation="https://maven.apache.org/surefire/maven-surefire-plugin/xsd/surefire-test-report-3.0.xsd" version="3.0" name="TestSuite" time="5.342" tests="5" errors="0" skipped="0" failures="0">
  <properties>
[...]
</properties>
  <testcase name="Login" classname="eComm.EcommApiTest" time="2.569">
    <system-out><![CDATA[Request method:	POST
Request URI:	https://rahulshettyacademy.com/api/ecom/auth/login
Proxy:			<none>
Request params:	<none>
Query params:	<none>
Form params:	<none>
Path params:	<none>
Headers:		Accept=*/*
				Content-Type=application/json
Cookies:		<none>
Multiparts:		<none>
Body:
{
    "userEmail": "qq@yopmail.com",
    "userPassword": "@A12345678a"
}
HTTP/1.1 200 OK
Date: Mon, 21 Nov 2022 08:50:20 GMT
Server: Apache/2.4.41 (Ubuntu)
Content-Security-Policy: default-src 'self';base-uri 'self';block-all-mixed-content;font-src 'self' https: data:;frame-ancestors 'self';img-src 'self' data:;object-src 'none';script-src 'self';script-src-attr 'none';style-src 'self' https: 'unsafe-inline';upgrade-insecure-requests
X-DNS-Prefetch-Control: off
Expect-CT: max-age=0
X-Frame-Options: SAMEORIGIN
Strict-Transport-Security: max-age=15552000; includeSubDomains
X-Download-Options: noopen
X-Content-Type-Options: nosniff
X-Permitted-Cross-Domain-Policies: none
Referrer-Policy: no-referrer
X-XSS-Protection: 0
Access-Control-Allow-Origin: *
Content-Type: application/json; charset=utf-8
Content-Length: 351
ETag: W/"15f-pNpBgju+o2t4cTkwHGlPfB4LF2A"
Vary: Accept-Encoding
Keep-Alive: timeout=5, max=100
Connection: Keep-Alive

{
    "token": "eyJhbGciOiJIUzI1NiIsInR5cCI6IkpXVCJ9.eyJfaWQiOiI2MzZiMzc1OGQ3Nzc4ZjU3OTcyYjViMWQiLCJ1c2VyRW1haWwiOiJxcUB5b3BtYWlsLmNvbSIsInVzZXJNb2JpbGUiOjEyMzQ1Njc4OTAsInVzZXJSb2xlIjoiY3VzdG9tZXIiLCJpYXQiOjE2NjkwMjA2MjAsImV4cCI6MTcwMDU3ODIyMH0.2hxTGcWHzUYI-JAC1sqE-VYMjOnzXZUPsLyk4FUO6No",
    "userId": "636b3758d7778f57972b5b1d",
    "message": "Login Successfully"
}
eyJhbGciOiJIUzI1NiIsInR5cCI6IkpXVCJ9.eyJfaWQiOiI2MzZiMzc1OGQ3Nzc4ZjU3OTcyYjViMWQiLCJ1c2VyRW1haWwiOiJxcUB5b3BtYWlsLmNvbSIsInVzZXJNb2JpbGUiOjEyMzQ1Njc4OTAsInVzZXJSb2xlIjoiY3VzdG9tZXIiLCJpYXQiOjE2NjkwMjA2MjAsImV4cCI6MTcwMDU3ODIyMH0.2hxTGcWHzUYI-JAC1sqE-VYMjOnzXZUPsLyk4FUO6No
636b3758d7778f57972b5b1d
]]></system-out>
    <system-err><![CDATA[SLF4J: Failed to load class "org.slf4j.impl.StaticLoggerBinder".
SLF4J: Defaulting to no-operation (NOP) logger implementation
SLF4J: See http://www.slf4j.org/codes.html#StaticLoggerBinder for further details.
]]></system-err>
  </testcase>
  <testcase name="AddProduct" classname="eComm.EcommApiTest" time="0.861">
    <system-out><![CDATA[Request method:	POST
Request URI:	https://rahulshettyacademy.com/api/ecom/product/add-product
Proxy:			<none>
Request params:	productName=Mobile
				productAddedBy=636b3758d7778f57972b5b1d
				productCategory=fashion
				productSubCategory=shirts
				productPrice=12345
				productDescription=Originals
				productFor=men
Query params:	<none>
Form params:	<none>
Path params:	<none>
Headers:		authorization=eyJhbGciOiJIUzI1NiIsInR5cCI6IkpXVCJ9.eyJfaWQiOiI2MzZiMzc1OGQ3Nzc4ZjU3OTcyYjViMWQiLCJ1c2VyRW1haWwiOiJxcUB5b3BtYWlsLmNvbSIsInVzZXJNb2JpbGUiOjEyMzQ1Njc4OTAsInVzZXJSb2xlIjoiY3VzdG9tZXIiLCJpYXQiOjE2NjkwMjA2MjAsImV4cCI6MTcwMDU3ODIyMH0.2hxTGcWHzUYI-JAC1sqE-VYMjOnzXZUPsLyk4FUO6No
				Accept=*/*
				Content-Type=multipart/form-data
Cookies:		<none>
Multiparts:		------------
				Content-Disposition: form-data; name = productImage; filename = TestCafe_Certificate.jpg
				Content-Type: application/octet-stream

				C:\Users\Tanveer Shaikh\Downloads\TestCafe_Certificate.jpg
Body:			<none>
HTTP/1.1 201 Created
Date: Mon, 21 Nov 2022 08:50:20 GMT
Server: Apache/2.4.41 (Ubuntu)
Content-Security-Policy: default-src 'self';base-uri 'self';block-all-mixed-content;font-src 'self' https: data:;frame-ancestors 'self';img-src 'self' data:;object-src 'none';script-src 'self';script-src-attr 'none';style-src 'self' https: 'unsafe-inline';upgrade-insecure-requests
X-DNS-Prefetch-Control: off
Expect-CT: max-age=0
X-Frame-Options: SAMEORIGIN
Strict-Transport-Security: max-age=15552000; includeSubDomains
X-Download-Options: noopen
X-Content-Type-Options: nosniff
X-Permitted-Cross-Domain-Policies: none
Referrer-Policy: no-referrer
X-XSS-Protection: 0
Access-Control-Allow-Origin: *
Content-Type: application/json; charset=utf-8
Content-Length: 79
ETag: W/"4f-xJTJzEXmKhr69BoDAswKpcsEKNs"
Vary: Accept-Encoding
Keep-Alive: timeout=5, max=100
Connection: Keep-Alive

{
    "productId": "637b3bccd7778f579736af47",
    "message": "Product Added Successfully"
}
637b3bccd7778f579736af47
]]></system-out>
  </testcase>
  <testcase name="CreateOrder" classname="eComm.EcommApiTest" time="0.161">
    <system-out><![CDATA[Request method:	POST
Request URI:	https://rahulshettyacademy.com/api/ecom/order/create-order
Proxy:			<none>
Request params:	<none>
Query params:	<none>
Form params:	<none>
Path params:	<none>
Headers:		authorization=eyJhbGciOiJIUzI1NiIsInR5cCI6IkpXVCJ9.eyJfaWQiOiI2MzZiMzc1OGQ3Nzc4ZjU3OTcyYjViMWQiLCJ1c2VyRW1haWwiOiJxcUB5b3BtYWlsLmNvbSIsInVzZXJNb2JpbGUiOjEyMzQ1Njc4OTAsInVzZXJSb2xlIjoiY3VzdG9tZXIiLCJpYXQiOjE2NjkwMjA2MjAsImV4cCI6MTcwMDU3ODIyMH0.2hxTGcWHzUYI-JAC1sqE-VYMjOnzXZUPsLyk4FUO6No
				Accept=*/*
				Content-Type=application/json
Cookies:		<none>
Multiparts:		<none>
Body:
{
    "orders": [
        {
            "country": "India",
            "productOrderedId": "637b3bccd7778f579736af47"
        }
    ]
}
HTTP/1.1 201 Created
Date: Mon, 21 Nov 2022 08:50:21 GMT
Server: Apache/2.4.41 (Ubuntu)
Content-Security-Policy: default-src 'self';base-uri 'self';block-all-mixed-content;font-src 'self' https: data:;frame-ancestors 'self';img-src 'self' data:;object-src 'none';script-src 'self';script-src-attr 'none';style-src 'self' https: 'unsafe-inline';upgrade-insecure-requests
X-DNS-Prefetch-Control: off
Expect-CT: max-age=0
X-Frame-Options: SAMEORIGIN
Strict-Transport-Security: max-age=15552000; includeSubDomains
X-Download-Options: noopen
X-Content-Type-Options: nosniff
X-Permitted-Cross-Domain-Policies: none
Referrer-Policy: no-referrer
X-XSS-Protection: 0
Access-Control-Allow-Origin: *
Content-Type: application/json; charset=utf-8
Content-Length: 123
ETag: W/"7b-qBDd8iV0EA98CpYtz9uiweELDas"
Vary: Accept-Encoding
Keep-Alive: timeout=5, max=100
Connection: Keep-Alive

{
    "orders": [
        "637b3bcdd7778f579736af4d"
    ],
    "productOrderId": [
        "637b3bccd7778f579736af47"
    ],
    "message": "Order Placed Successfully"
}
===============637b3bcdd7778f579736af4d
]]></system-out>
  </testcase>
  <testcase name="ViewOrderDeatils" classname="eComm.EcommApiTest" time="0.159">
    <system-out><![CDATA[Request method:	GET
Request URI:	https://rahulshettyacademy.com/api/ecom/order/get-orders-details?id=637b3bcdd7778f579736af4d
Proxy:			<none>
Request params:	<none>
Query params:	id=[637b3bcdd7778f579736af4d]
Form params:	<none>
Path params:	<none>
Headers:		authorization=eyJhbGciOiJIUzI1NiIsInR5cCI6IkpXVCJ9.eyJfaWQiOiI2MzZiMzc1OGQ3Nzc4ZjU3OTcyYjViMWQiLCJ1c2VyRW1haWwiOiJxcUB5b3BtYWlsLmNvbSIsInVzZXJNb2JpbGUiOjEyMzQ1Njc4OTAsInVzZXJSb2xlIjoiY3VzdG9tZXIiLCJpYXQiOjE2NjkwMjA2MjAsImV4cCI6MTcwMDU3ODIyMH0.2hxTGcWHzUYI-JAC1sqE-VYMjOnzXZUPsLyk4FUO6No
				Accept=*/*
				Content-Type=application/json
Cookies:		<none>
Multiparts:		<none>
Body:			<none>
HTTP/1.1 200 OK
Date: Mon, 21 Nov 2022 08:50:21 GMT
Server: Apache/2.4.41 (Ubuntu)
Content-Security-Policy: default-src 'self';base-uri 'self';block-all-mixed-content;font-src 'self' https: data:;frame-ancestors 'self';img-src 'self' data:;object-src 'none';script-src 'self';script-src-attr 'none';style-src 'self' https: 'unsafe-inline';upgrade-insecure-requests
X-DNS-Prefetch-Control: off
Expect-CT: max-age=0
X-Frame-Options: SAMEORIGIN
Strict-Transport-Security: max-age=15552000; includeSubDomains
X-Download-Options: noopen
X-Content-Type-Options: nosniff
X-Permitted-Cross-Domain-Policies: none
Referrer-Policy: no-referrer
X-XSS-Protection: 0
Access-Control-Allow-Origin: *
Content-Type: application/json; charset=utf-8
Content-Length: 407
ETag: W/"197-5S4fkcWz6fEzNDAhrvtoeCFFjuA"
Vary: Accept-Encoding
Keep-Alive: timeout=5, max=100
Connection: Keep-Alive

{
    "data": {
        "_id": "637b3bcdd7778f579736af4d",
        "orderById": "636b3758d7778f57972b5b1d",
        "orderBy": "qq@yopmail.com",
        "productOrderedId": "637b3bccd7778f579736af47",
        "productName": "Mobile",
        "country": "India",
        "productDescription": "Originals",
        "productImage": "https://rahulshettyacademy.com/api/ecom/uploads/productImage_1669020620331.jpg",
        "orderPrice": "12345",
        "__v": 0
    },
    "message": "Orders fetched for customer Successfully"
}
{"data":{"_id":"637b3bcdd7778f579736af4d","orderById":"636b3758d7778f57972b5b1d","orderBy":"qq@yopmail.com","productOrderedId":"637b3bccd7778f579736af47","productName":"Mobile","country":"India","productDescription":"Originals","productImage":"https://rahulshettyacademy.com/api/ecom/uploads/productImage_1669020620331.jpg","orderPrice":"12345","__v":0},"message":"Orders fetched for customer Successfully"}
]]></system-out>
  </testcase>
  <testcase name="DeleteOrder" classname="eComm.EcommApiTest" time="0.1">
    <system-out><![CDATA[Request method:	DELETE
Request URI:	https://rahulshettyacademy.com/api/ecom/product/delete-product/637b3bccd7778f579736af47
Proxy:			<none>
Request params:	<none>
Query params:	<none>
Form params:	<none>
Path params:	productId=637b3bccd7778f579736af47
Headers:		authorization=eyJhbGciOiJIUzI1NiIsInR5cCI6IkpXVCJ9.eyJfaWQiOiI2MzZiMzc1OGQ3Nzc4ZjU3OTcyYjViMWQiLCJ1c2VyRW1haWwiOiJxcUB5b3BtYWlsLmNvbSIsInVzZXJNb2JpbGUiOjEyMzQ1Njc4OTAsInVzZXJSb2xlIjoiY3VzdG9tZXIiLCJpYXQiOjE2NjkwMjA2MjAsImV4cCI6MTcwMDU3ODIyMH0.2hxTGcWHzUYI-JAC1sqE-VYMjOnzXZUPsLyk4FUO6No
				Accept=*/*
				Content-Type=application/json
Cookies:		<none>
Multiparts:		<none>
Body:			<none>
HTTP/1.1 200 OK
Date: Mon, 21 Nov 2022 08:50:21 GMT
Server: Apache/2.4.41 (Ubuntu)
Content-Security-Policy: default-src 'self';base-uri 'self';block-all-mixed-content;font-src 'self' https: data:;frame-ancestors 'self';img-src 'self' data:;object-src 'none';script-src 'self';script-src-attr 'none';style-src 'self' https: 'unsafe-inline';upgrade-insecure-requests
X-DNS-Prefetch-Control: off
Expect-CT: max-age=0
X-Frame-Options: SAMEORIGIN
Strict-Transport-Security: max-age=15552000; includeSubDomains
X-Download-Options: noopen
X-Content-Type-Options: nosniff
X-Permitted-Cross-Domain-Policies: none
Referrer-Policy: no-referrer
X-XSS-Protection: 0
Access-Control-Allow-Origin: *
Content-Type: application/json; charset=utf-8
Content-Length: 42
ETag: W/"2a-2mOwR6FOFcYds+NaVy6wWIOyKCY"
Vary: Accept-Encoding
Keep-Alive: timeout=5, max=100
Connection: Keep-Alive

{
    "message": "Product Deleted Successfully"
}
]]></system-out>
  </testcase>
</testsuite>