<?xml version="1.0" encoding="UTF-8"?>
<testng-results ignored="0" total="5" passed="5" failed="0" skipped="0">
  <reporter-output>
  </reporter-output>
  <suite started-at="2022-11-21T13:47:17 IST" name="Suite" finished-at="2022-11-21T13:47:22 IST" duration-ms="4912">
    <groups>
    </groups>
    <test started-at="2022-11-21T13:47:17 IST" name="Test" finished-at="2022-11-21T13:47:22 IST" duration-ms="4912">
      <class name="eComm.EcommApiTest">
        <test-method signature="Login()[pri:0, instance:eComm.EcommApiTest@1efe439d]" started-at="2022-11-21T13:47:17 IST" name="Login" finished-at="2022-11-21T13:47:21 IST" duration-ms="3369" status="PASS">
          <reporter-output>
          </reporter-output>
        </test-method> <!-- Login -->
        <test-method signature="AddProduct()[pri:1, instance:eComm.EcommApiTest@1efe439d]" started-at="2022-11-21T13:47:21 IST" name="AddProduct" finished-at="2022-11-21T13:47:22 IST" duration-ms="1065" status="PASS">
          <reporter-output>
          </reporter-output>
        </test-method> <!-- AddProduct -->
        <test-method signature="CreateOrder()[pri:2, instance:eComm.EcommApiTest@1efe439d]" started-at="2022-11-21T13:47:22 IST" name="CreateOrder" finished-at="2022-11-21T13:47:22 IST" duration-ms="159" status="PASS">
          <reporter-output>
          </reporter-output>
        </test-method> <!-- CreateOrder -->
        <test-method signature="ViewOrderDeatils()[pri:3, instance:eComm.EcommApiTest@1efe439d]" started-at="2022-11-21T13:47:22 IST" name="ViewOrderDeatils" finished-at="2022-11-21T13:47:22 IST" duration-ms="148" status="PASS">
          <reporter-output>
          </reporter-output>
        </test-method> <!-- ViewOrderDeatils -->
        <test-method signature="DeleteOrder()[pri:4, instance:eComm.EcommApiTest@1efe439d]" started-at="2022-11-21T13:47:22 IST" name="DeleteOrder" finished-at="2022-11-21T13:47:22 IST" duration-ms="97" status="PASS">
          <reporter-output>
          </reporter-output>
        </test-method> <!-- DeleteOrder -->
      </class> <!-- eComm.EcommApiTest -->
    </test> <!-- Test -->
  </suite> <!-- Suite -->
</testng-results>
