<?xml version="1.0" encoding="UTF-8"?>
<testng-results ignored="0" total="5" passed="5" failed="0" skipped="0">
  <reporter-output>
  </reporter-output>
  <suite started-at="2022-11-22T11:55:42 IST" name="Suite" finished-at="2022-11-22T11:55:45 IST" duration-ms="3722">
    <groups>
    </groups>
    <test started-at="2022-11-22T11:55:42 IST" name="Test" finished-at="2022-11-22T11:55:45 IST" duration-ms="3722">
      <class name="eComm.EcommApiTest">
        <test-method signature="Login()[pri:0, instance:eComm.EcommApiTest@481ba2cf]" started-at="2022-11-22T11:55:42 IST" name="Login" finished-at="2022-11-22T11:55:44 IST" duration-ms="2550" status="PASS">
          <reporter-output>
          </reporter-output>
        </test-method> <!-- Login -->
        <test-method signature="AddProduct()[pri:1, instance:eComm.EcommApiTest@481ba2cf]" started-at="2022-11-22T11:55:44 IST" name="AddProduct" finished-at="2022-11-22T11:55:45 IST" duration-ms="809" status="PASS">
          <reporter-output>
          </reporter-output>
        </test-method> <!-- AddProduct -->
        <test-method signature="CreateOrder()[pri:2, instance:eComm.EcommApiTest@481ba2cf]" started-at="2022-11-22T11:55:45 IST" name="CreateOrder" finished-at="2022-11-22T11:55:45 IST" duration-ms="121" status="PASS">
          <reporter-output>
          </reporter-output>
        </test-method> <!-- CreateOrder -->
        <test-method signature="ViewOrderDeatils()[pri:3, instance:eComm.EcommApiTest@481ba2cf]" started-at="2022-11-22T11:55:45 IST" name="ViewOrderDeatils" finished-at="2022-11-22T11:55:45 IST" duration-ms="85" status="PASS">
          <reporter-output>
          </reporter-output>
        </test-method> <!-- ViewOrderDeatils -->
        <test-method signature="DeleteOrder()[pri:4, instance:eComm.EcommApiTest@481ba2cf]" started-at="2022-11-22T11:55:45 IST" name="DeleteOrder" finished-at="2022-11-22T11:55:45 IST" duration-ms="97" status="PASS">
          <reporter-output>
          </reporter-output>
        </test-method> <!-- DeleteOrder -->
      </class> <!-- eComm.EcommApiTest -->
    </test> <!-- Test -->
  </suite> <!-- Suite -->
</testng-results>
